This is pdfTeX, Version 3.1415926-1.40.10 (TeX Live 2009/Debian) (format=pdflatex 2011.2.14)  16 FEB 2011 12:45
entering extended mode
 restricted \write18 enabled.
 %&-line parsing enabled.
**P1.tex
(./P1.tex
LaTeX2e <2009/09/24>
Babel <v3.8l> and hyphenation patterns for english, usenglishmax, dumylang, noh
yphenation, loaded.
(/usr/share/texmf-texlive/tex/latex/base/article.cls
Document Class: article 2007/10/19 v1.4h Standard LaTeX document class
(/usr/share/texmf-texlive/tex/latex/base/size10.clo
File: size10.clo 2007/10/19 v1.4h Standard LaTeX file (size option)
)
\c@part=\count79
\c@section=\count80
\c@subsection=\count81
\c@subsubsection=\count82
\c@paragraph=\count83
\c@subparagraph=\count84
\c@figure=\count85
\c@table=\count86
\abovecaptionskip=\skip41
\belowcaptionskip=\skip42
\bibindent=\dimen102
)
(/usr/share/texmf-texlive/tex/latex/base/inputenc.sty
Package: inputenc 2008/03/30 v1.1d Input encoding file
\inpenc@prehook=\toks14
\inpenc@posthook=\toks15

(/usr/share/texmf-texlive/tex/latex/ucs/utf8x.def
File: utf8x.def 2004/10/17 UCS: Input encoding UTF-8
))
(/usr/share/texmf-texlive/tex/latex/ucs/ucs.sty
Package: ucs 2004/10/17 UCS: Unicode input support

(/usr/share/texmf-texlive/tex/latex/ucs/data/uni-global.def
File: uni-global.def 2004/10/17 UCS: Unicode global data
)
\uc@secondtry=\count87
\uc@combtoks=\toks16
\uc@combtoksb=\toks17
\uc@temptokena=\toks18
)
(/usr/share/texmf-texlive/tex/latex/amsmath/amsmath.sty
Package: amsmath 2000/07/18 v2.13 AMS math features
\@mathmargin=\skip43

For additional information on amsmath, use the `?' option.
(/usr/share/texmf-texlive/tex/latex/amsmath/amstext.sty
Package: amstext 2000/06/29 v2.01

(/usr/share/texmf-texlive/tex/latex/amsmath/amsgen.sty
File: amsgen.sty 1999/11/30 v2.0
\@emptytoks=\toks19
\ex@=\dimen103
))
(/usr/share/texmf-texlive/tex/latex/amsmath/amsbsy.sty
Package: amsbsy 1999/11/29 v1.2d
\pmbraise@=\dimen104
)
(/usr/share/texmf-texlive/tex/latex/amsmath/amsopn.sty
Package: amsopn 1999/12/14 v2.01 operator names
)
\inf@bad=\count88
LaTeX Info: Redefining \frac on input line 211.
\uproot@=\count89
\leftroot@=\count90
LaTeX Info: Redefining \overline on input line 307.
\classnum@=\count91
\DOTSCASE@=\count92
LaTeX Info: Redefining \ldots on input line 379.
LaTeX Info: Redefining \dots on input line 382.
LaTeX Info: Redefining \cdots on input line 467.
\Mathstrutbox@=\box26
\strutbox@=\box27
\big@size=\dimen105
LaTeX Font Info:    Redeclaring font encoding OML on input line 567.
LaTeX Font Info:    Redeclaring font encoding OMS on input line 568.
\macc@depth=\count93
\c@MaxMatrixCols=\count94
\dotsspace@=\muskip10
\c@parentequation=\count95
\dspbrk@lvl=\count96
\tag@help=\toks20
\row@=\count97
\column@=\count98
\maxfields@=\count99
\andhelp@=\toks21
\eqnshift@=\dimen106
\alignsep@=\dimen107
\tagshift@=\dimen108
\tagwidth@=\dimen109
\totwidth@=\dimen110
\lineht@=\dimen111
\@envbody=\toks22
\multlinegap=\skip44
\multlinetaggap=\skip45
\mathdisplay@stack=\toks23
LaTeX Info: Redefining \[ on input line 2666.
LaTeX Info: Redefining \] on input line 2667.
)
(/usr/share/texmf-texlive/tex/latex/graphics/graphicx.sty
Package: graphicx 1999/02/16 v1.0f Enhanced LaTeX Graphics (DPC,SPQR)

(/usr/share/texmf-texlive/tex/latex/graphics/keyval.sty
Package: keyval 1999/03/16 v1.13 key=value parser (DPC)
\KV@toks@=\toks24
)
(/usr/share/texmf-texlive/tex/latex/graphics/graphics.sty
Package: graphics 2009/02/05 v1.0o Standard LaTeX Graphics (DPC,SPQR)

(/usr/share/texmf-texlive/tex/latex/graphics/trig.sty
Package: trig 1999/03/16 v1.09 sin cos tan (DPC)
)
(/etc/texmf/tex/latex/config/graphics.cfg
File: graphics.cfg 2009/08/28 v1.8 graphics configuration of TeX Live
)
Package graphics Info: Driver file: pdftex.def on input line 91.

(/usr/share/texmf-texlive/tex/latex/pdftex-def/pdftex.def
File: pdftex.def 2010/03/12 v0.04p Graphics/color for pdfTeX
\Gread@gobject=\count100
))
\Gin@req@height=\dimen112
\Gin@req@width=\dimen113
)
(/usr/share/texmf-texlive/tex/latex/ltxmisc/cancel.sty
Package: cancel 2000/03/12 v2.1 Cancel math terms
) (./P1.aux)
\openout1 = `P1.aux'.

LaTeX Font Info:    Checking defaults for OML/cmm/m/it on input line 22.
LaTeX Font Info:    ... okay on input line 22.
LaTeX Font Info:    Checking defaults for T1/cmr/m/n on input line 22.
LaTeX Font Info:    ... okay on input line 22.
LaTeX Font Info:    Checking defaults for OT1/cmr/m/n on input line 22.
LaTeX Font Info:    ... okay on input line 22.
LaTeX Font Info:    Checking defaults for OMS/cmsy/m/n on input line 22.
LaTeX Font Info:    ... okay on input line 22.
LaTeX Font Info:    Checking defaults for OMX/cmex/m/n on input line 22.
LaTeX Font Info:    ... okay on input line 22.
LaTeX Font Info:    Checking defaults for U/cmr/m/n on input line 22.
LaTeX Font Info:    ... okay on input line 22.

(/usr/share/texmf-texlive/tex/latex/ucs/ucsencs.def
File: ucsencs.def 2003/11/29 Fixes to fontencodings LGR, T3
)
(/usr/share/texmf/tex/context/base/supp-pdf.mkii
[Loading MPS to PDF converter (version 2006.09.02).]
\scratchcounter=\count101
\scratchdimen=\dimen114
\scratchbox=\box28
\nofMPsegments=\count102
\nofMParguments=\count103
\everyMPshowfont=\toks25
\MPscratchCnt=\count104
\MPscratchDim=\dimen115
\MPnumerator=\count105
\everyMPtoPDFconversion=\toks26
) <YeeGrid.png, id=1, 370.38374pt x 357.335pt>
File: YeeGrid.png Graphic file (type png)
 <use YeeGrid.png> [1

{/var/lib/texmf/fonts/map/pdftex/updmap/pdftex.map} <./YeeGrid.png (PNG copy)>]
 [2]
[3] <YeeGridHx.png, id=20, 524.96124pt x 461.725pt>
File: YeeGridHx.png Graphic file (type png)
 <use YeeGridHx.png>
Overfull \hbox (5.12218pt too wide) in paragraph at lines 199--199
[] 
 []

<YeeGridHy.png, id=21, 534.99875pt x 486.81876pt>
File: YeeGridHy.png Graphic file (type png)
 <use YeeGridHy.png>
Overfull \hbox (4.69162pt too wide) in paragraph at lines 216--216
[] 
 []

[4 <./YeeGridHx.png (PNG copy)> <./YeeGridHy.png (PNG copy)>]
<YeeGridHz.png, id=28, 509.905pt x 490.83376pt>
File: YeeGridHz.png Graphic file (type png)
 <use YeeGridHz.png>
Overfull \hbox (5.12218pt too wide) in paragraph at lines 233--233
[] 
 []

<YeeGridEx.png, id=29, 530.98375pt x 538.01pt>
File: YeeGridEx.png Graphic file (type png)
 <use YeeGridEx.png>

LaTeX Warning: `h' float specifier changed to `ht'.


Overfull \hbox (47.23843pt too wide) in paragraph at lines 250--250
[] 
 []

<YeeGridEy.png, id=30, 559.08875pt x 534.99875pt>
File: YeeGridEy.png Graphic file (type png)
 <use YeeGridEy.png>

LaTeX Warning: `h' float specifier changed to `ht'.


Overfull \hbox (46.80788pt too wide) in paragraph at lines 267--267
[] 
 []

<YeeGridEz.png, id=31, 514.92375pt x 482.80376pt>
File: YeeGridEz.png Graphic file (type png)
 <use YeeGridEz.png> [5 <./YeeGridHz.png (PNG copy)>]

LaTeX Warning: `h' float specifier changed to `ht'.


Overfull \hbox (47.23843pt too wide) in paragraph at lines 284--284
[] 
 []

[6 <./YeeGridEx.png (PNG copy)> <./YeeGridEy.png (PNG copy)>]
Overfull \hbox (0.67784pt too wide) detected at line 319
[] \OMS/cmsy/m/n/10 ^^@ [] \OT1/cmr/m/n/10 = \OMS/cmsy/m/n/10 ^^@[][]
 []


Overfull \hbox (0.24728pt too wide) detected at line 323
[] \OMS/cmsy/m/n/10 ^^@ [] \OT1/cmr/m/n/10 = \OMS/cmsy/m/n/10 ^^@[][]
 []


Overfull \hbox (0.67784pt too wide) detected at line 327
[] \OMS/cmsy/m/n/10 ^^@ [] \OT1/cmr/m/n/10 = \OMS/cmsy/m/n/10 ^^@[][]
 []


Overfull \hbox (42.7941pt too wide) detected at line 331
[] \OMS/cmsy/m/n/10 ^^@ [] \OT1/cmr/m/n/10 = [][]
 []


Overfull \hbox (42.36354pt too wide) detected at line 335
[] \OMS/cmsy/m/n/10 ^^@ [] \OT1/cmr/m/n/10 = [][]
 []

[7 <./YeeGridEz.png (PNG copy)>]
Overfull \hbox (42.7941pt too wide) detected at line 339
[] \OMS/cmsy/m/n/10 ^^@ [] \OT1/cmr/m/n/10 = [][]
 []

<Slabs1D.png, id=42, 794.97pt x 416.55624pt>
File: Slabs1D.png Graphic file (type png)
 <use Slabs1D.png> [8 <./Slabs1D.png (PNG copy)>]
Overfull \hbox (0.67784pt too wide) detected at line 391
[] \OMS/cmsy/m/n/10 ^^@ [] \OT1/cmr/m/n/10 = \OMS/cmsy/m/n/10 ^^@[][]
 []


Overfull \hbox (0.24728pt too wide) detected at line 395
[] \OMS/cmsy/m/n/10 ^^@ [] \OT1/cmr/m/n/10 = \OMS/cmsy/m/n/10 ^^@[][]
 []


Overfull \hbox (0.67784pt too wide) detected at line 399
[] \OMS/cmsy/m/n/10 ^^@ [] \OT1/cmr/m/n/10 = \OMS/cmsy/m/n/10 ^^@[][]
 []


Overfull \hbox (42.7941pt too wide) detected at line 403
[] \OMS/cmsy/m/n/10 ^^@ [] \OT1/cmr/m/n/10 = [][]
 []


Overfull \hbox (42.36354pt too wide) detected at line 407
[] \OMS/cmsy/m/n/10 ^^@ [] \OT1/cmr/m/n/10 = [][]
 []


Overfull \hbox (42.7941pt too wide) detected at line 411
[] \OMS/cmsy/m/n/10 ^^@ [] \OT1/cmr/m/n/10 = [][]
 []

[9] [10] [11] (./P1.aux) ) 
Here is how much of TeX's memory you used:
 1828 strings out of 495061
 23900 string characters out of 1182621
 102304 words of memory out of 3000000
 5017 multiletter control sequences out of 15000+50000
 4402 words of font info for 17 fonts, out of 3000000 for 9000
 28 hyphenation exceptions out of 8191
 27i,19n,24p,419b,212s stack positions out of 5000i,500n,10000p,200000b,50000s
</usr/share/texmf-texlive/fonts/type1/public/amsfonts
/cm/cmbx10.pfb></usr/share/texmf-texlive/fonts/type1/public/amsfonts/cm/cmex10.
pfb></usr/share/texmf-texlive/fonts/type1/public/amsfonts/cm/cmmi10.pfb></usr/s
hare/texmf-texlive/fonts/type1/public/amsfonts/cm/cmmi5.pfb></usr/share/texmf-t
exlive/fonts/type1/public/amsfonts/cm/cmmi7.pfb></usr/share/texmf-texlive/fonts
/type1/public/amsfonts/cm/cmr10.pfb></usr/share/texmf-texlive/fonts/type1/publi
c/amsfonts/cm/cmr5.pfb></usr/share/texmf-texlive/fonts/type1/public/amsfonts/cm
/cmr7.pfb></usr/share/texmf-texlive/fonts/type1/public/amsfonts/cm/cmsy10.pfb><
/usr/share/texmf-texlive/fonts/type1/public/amsfonts/cm/cmsy7.pfb></usr/share/t
exmf-texlive/fonts/type1/public/amsfonts/latxfont/line10.pfb>
Output written on P1.pdf (11 pages, 515041 bytes).
PDF statistics:
 90 PDF objects out of 1000 (max. 8388607)
 0 named destinations out of 1000 (max. 500000)
 41 words of extra memory for PDF output out of 10000 (max. 10000000)

